<?xml version="1.0" encoding="UTF-8"?>
<!-- Generated by org.testng.reporters.JUnitXMLReporter -->
<testsuite ignored="0" hostname="Amals_HP_Envy" failures="1" tests="4" name="ChromeTests" time="12.687" errors="0" timestamp="2026-06-01T11:20:32 EDT">
  <testcase classname="com.amalw.tests.RegistrationTest" name="testRegistration" time="2.326"/>
  <testcase classname="com.amalw.tests.RegistrationTest" name="testRegistration" time="2.353"/>
  <testcase classname="com.amalw.tests.RegistrationTest" name="testRegistration" time="2.499"/>
  <testcase classname="com.amalw.tests.RegistrationTest" name="testRegistration" time="7.47">
    <failure type="com.amalw.exceptions.FrameworkException" message="Element not visible after 5 seconds: By.cssSelector: div.result">
      <![CDATA[com.amalw.exceptions.FrameworkException: Element not visible after 5 seconds: By.cssSelector: div.result
at com.amalw.pages.BasePage.isElementDisplayed(BasePage.java:102)
at com.amalw.pages.RegisterPage.isRegistrationSuccessful(RegisterPage.java:111)
at com.amalw.tests.RegistrationTest.testRegistration(RegistrationTest.java:50)
at java.base/java.util.concurrent.ThreadPoolExecutor.runWorker(ThreadPoolExecutor.java:1136)
at java.base/java.util.concurrent.ThreadPoolExecutor$Worker.run(ThreadPoolExecutor.java:635)
at java.base/java.lang.Thread.run(Thread.java:833)
Caused by: org.openqa.selenium.TimeoutException: Expected condition failed: waiting for visibility of element located by By.cssSelector: div.result (tried for 5 second(s) with 500 milliseconds interval)
Build info: version: '4.23.0', revision: '4df0a231af'
System info: os.name: 'Windows 11', os.arch: 'amd64', os.version: '10.0', java.version: '17.0.5'
Driver info: org.openqa.selenium.chrome.ChromeDriver
Capabilities {acceptInsecureCerts: false, browserName: chrome, browserVersion: 148.0.7778.179, chrome: {chromedriverVersion: 148.0.7778.178 (d096af1c9e9..., userDataDir: C:\Users\amalw\AppData\Loca...}, fedcm:accounts: true, goog:chromeOptions: {debuggerAddress: localhost:42108}, goog:processID: 40984, networkConnectionEnabled: false, pageLoadStrategy: normal, platformName: windows, proxy: Proxy(), se:cdp: ws://localhost:42108/devtoo..., se:cdpVersion: 148.0.7778.179, setWindowRect: true, strictFileInteractability: false, timeouts: {implicit: 0, pageLoad: 300000, script: 30000}, unhandledPromptBehavior: dismiss and notify, webauthn:extension:credBlob: true, webauthn:extension:largeBlob: true, webauthn:extension:minPinLength: true, webauthn:extension:prf: true, webauthn:virtualAuthenticators: true}
Session ID: 6a4e76a274c2e022259a37cf7f22b181
at org.openqa.selenium.support.ui.WebDriverWait.timeoutException(WebDriverWait.java:84)
at org.openqa.selenium.support.ui.FluentWait.until(FluentWait.java:228)
at com.amalw.pages.BasePage.isElementDisplayed(BasePage.java:97)
... 14 more
... Removed 9 stack frames]]>
    </failure>
  </testcase> <!-- testRegistration -->
</testsuite> <!-- ChromeTests -->
