<?xml version="1.0" encoding="UTF-8"?>
<!-- Generated by org.testng.reporters.JUnitXMLReporter -->
<testsuite ignored="0" hostname="Amals_HP_Envy" failures="1" tests="4" name="EdgeTests" time="8.789" errors="0" timestamp="2026-06-01T11:20:53 EDT">
  <testcase classname="com.amalw.tests.RegistrationTest" name="testRegistration" time="2.073"/>
  <testcase classname="com.amalw.tests.RegistrationTest" name="testRegistration" time="1.993"/>
  <testcase classname="com.amalw.tests.RegistrationTest" name="testRegistration" time="2.069"/>
  <testcase classname="com.amalw.tests.RegistrationTest" name="testRegistration" time="6.955">
    <failure type="com.amalw.exceptions.FrameworkException" message="Element not visible after 5 seconds: By.cssSelector: div.result">
      <![CDATA[com.amalw.exceptions.FrameworkException: Element not visible after 5 seconds: By.cssSelector: div.result
at com.amalw.pages.BasePage.isElementDisplayed(BasePage.java:102)
at com.amalw.pages.RegisterPage.isRegistrationSuccessful(RegisterPage.java:111)
at com.amalw.tests.RegistrationTest.testRegistration(RegistrationTest.java:50)
at java.base/java.util.concurrent.ThreadPoolExecutor.runWorker(ThreadPoolExecutor.java:1136)
at java.base/java.util.concurrent.ThreadPoolExecutor$Worker.run(ThreadPoolExecutor.java:635)
at java.base/java.lang.Thread.run(Thread.java:833)
Caused by: org.openqa.selenium.TimeoutException: Expected condition failed: waiting for visibility of element located by By.cssSelector: div.result (tried for 5 second(s) with 500 milliseconds interval)
Build info: version: '4.23.0', revision: '4df0a231af'
System info: os.name: 'Windows 11', os.arch: 'amd64', os.version: '10.0', java.version: '17.0.5'
Driver info: org.openqa.selenium.edge.EdgeDriver
Capabilities {acceptInsecureCerts: false, browserName: MicrosoftEdge, browserVersion: 148.0.3967.96, fedcm:accounts: true, goog:processID: 35888, ms:edgeOptions: {debuggerAddress: localhost:1538}, msedge: {msedgedriverVersion: 148.0.3967.96 (9df8cc82dba1..., userDataDir: C:\Users\amalw\AppData\Loca...}, networkConnectionEnabled: false, pageLoadStrategy: normal, platformName: windows, proxy: Proxy(), se:cdp: ws://localhost:1538/devtool..., se:cdpVersion: 148.0.3967.96, setWindowRect: true, strictFileInteractability: false, timeouts: {implicit: 0, pageLoad: 300000, script: 30000}, unhandledPromptBehavior: dismiss and notify, webauthn:extension:credBlob: true, webauthn:extension:largeBlob: true, webauthn:extension:minPinLength: true, webauthn:extension:prf: true, webauthn:virtualAuthenticators: true}
Session ID: 3956c45e5e8c853783b49974ca44f8e9
at org.openqa.selenium.support.ui.WebDriverWait.timeoutException(WebDriverWait.java:84)
at org.openqa.selenium.support.ui.FluentWait.until(FluentWait.java:228)
at com.amalw.pages.BasePage.isElementDisplayed(BasePage.java:97)
... 14 more
... Removed 9 stack frames]]>
    </failure>
  </testcase> <!-- testRegistration -->
</testsuite> <!-- EdgeTests -->
