<?xml version="1.0" encoding="UTF-8"?>
<!-- Generated by org.testng.reporters.JUnitXMLReporter -->
<testsuite ignored="0" hostname="Amals_HP_Envy" failures="1" tests="4" name="FirefoxTests" time="11.41" errors="0" timestamp="2026-06-01T11:20:44 EDT">
  <testcase classname="com.amalw.tests.RegistrationTest" name="testRegistration" time="2.842"/>
  <testcase classname="com.amalw.tests.RegistrationTest" name="testRegistration" time="2.426"/>
  <testcase classname="com.amalw.tests.RegistrationTest" name="testRegistration" time="3.482"/>
  <testcase classname="com.amalw.tests.RegistrationTest" name="testRegistration" time="7.891">
    <failure type="com.amalw.exceptions.FrameworkException" message="Element not visible after 5 seconds: By.cssSelector: div.result">
      <![CDATA[com.amalw.exceptions.FrameworkException: Element not visible after 5 seconds: By.cssSelector: div.result
at com.amalw.pages.BasePage.isElementDisplayed(BasePage.java:102)
at com.amalw.pages.RegisterPage.isRegistrationSuccessful(RegisterPage.java:111)
at com.amalw.tests.RegistrationTest.testRegistration(RegistrationTest.java:50)
at java.base/java.util.concurrent.ThreadPoolExecutor.runWorker(ThreadPoolExecutor.java:1136)
at java.base/java.util.concurrent.ThreadPoolExecutor$Worker.run(ThreadPoolExecutor.java:635)
at java.base/java.lang.Thread.run(Thread.java:833)
Caused by: org.openqa.selenium.TimeoutException: Expected condition failed: waiting for visibility of element located by By.cssSelector: div.result (tried for 5 second(s) with 500 milliseconds interval)
Build info: version: '4.23.0', revision: '4df0a231af'
System info: os.name: 'Windows 11', os.arch: 'amd64', os.version: '10.0', java.version: '17.0.5'
Driver info: org.openqa.selenium.firefox.FirefoxDriver
Capabilities {acceptInsecureCerts: true, browserName: firefox, browserVersion: 148.0, moz:accessibilityChecks: false, moz:buildID: 20260216153405, moz:geckodriverVersion: 0.36.0, moz:headless: true, moz:platformVersion: 10.0, moz:processID: 32184, moz:profile: C:\Users\amalw\AppData\Loca..., moz:shutdownTimeout: 60000, moz:webdriverClick: true, moz:windowless: false, pageLoadStrategy: normal, platformName: windows, proxy: Proxy(), setWindowRect: true, strictFileInteractability: false, timeouts: {implicit: 0, pageLoad: 300000, script: 30000}, unhandledPromptBehavior: dismiss and notify, userAgent: Mozilla/5.0 (Windows NT 10....}
Session ID: 182e6993-b29d-48dd-900c-1515ba777847
at org.openqa.selenium.support.ui.WebDriverWait.timeoutException(WebDriverWait.java:84)
at org.openqa.selenium.support.ui.FluentWait.until(FluentWait.java:228)
at com.amalw.pages.BasePage.isElementDisplayed(BasePage.java:97)
... 14 more
... Removed 9 stack frames]]>
    </failure>
  </testcase> <!-- testRegistration -->
</testsuite> <!-- FirefoxTests -->
