<?xml version="1.0" encoding="UTF-8"?>
<!-- Generated by org.testng.reporters.JUnitReportReporter -->
<testsuite hostname="Amals_HP_Envy" failures="0" tests="12" name="com.amalw.tests.RegistrationTest" time="89.582" errors="3" timestamp="2026-06-01T11:20:53 EDT" skipped="0">
  <testcase classname="com.amalw.tests.RegistrationTest" name="testRegistration" time="3.950"/>
  <testcase classname="com.amalw.tests.RegistrationTest" name="testRegistration" time="3.829"/>
  <testcase classname="com.amalw.tests.RegistrationTest" name="testRegistration" time="6.171"/>
  <testcase classname="com.amalw.tests.RegistrationTest" name="testRegistration" time="7.065"/>
  <testcase classname="com.amalw.tests.RegistrationTest" name="testRegistration" time="6.295"/>
  <testcase classname="com.amalw.tests.RegistrationTest" name="testRegistration" time="3.685"/>
  <testcase classname="com.amalw.tests.RegistrationTest" name="testRegistration" time="11.234">
    <error message="Element not visible after 5 seconds: By.cssSelector: div.result" type="com.amalw.exceptions.FrameworkException">
      <![CDATA[com.amalw.exceptions.FrameworkException: Element not visible after 5 seconds: By.cssSelector: div.result
at com.amalw.pages.BasePage.isElementDisplayed(BasePage.java:102)
at com.amalw.pages.RegisterPage.isRegistrationSuccessful(RegisterPage.java:111)
at com.amalw.tests.RegistrationTest.testRegistration(RegistrationTest.java:50)
at java.base/jdk.internal.reflect.NativeMethodAccessorImpl.invoke0(Native Method)
at java.base/jdk.internal.reflect.NativeMethodAccessorImpl.invoke(NativeMethodAccessorImpl.java:77)
at java.base/jdk.internal.reflect.DelegatingMethodAccessorImpl.invoke(DelegatingMethodAccessorImpl.java:43)
at java.base/java.lang.reflect.Method.invoke(Method.java:568)
at org.testng.internal.invokers.MethodInvocationHelper.invokeMethod(MethodInvocationHelper.java:141)
at org.testng.internal.invokers.TestInvoker.invokeMethod(TestInvoker.java:687)
at org.testng.internal.invokers.TestInvoker.invokeTestMethod(TestInvoker.java:230)
at org.testng.internal.invokers.TestMethodWithDataProviderMethodWorker.call(TestMethodWithDataProviderMethodWorker.java:81)
at org.testng.internal.thread.Async$AsyncTask.run(Async.java:34)
at java.base/java.util.concurrent.ThreadPoolExecutor.runWorker(ThreadPoolExecutor.java:1136)
at java.base/java.util.concurrent.ThreadPoolExecutor$Worker.run(ThreadPoolExecutor.java:635)
at java.base/java.lang.Thread.run(Thread.java:833)
Caused by: org.openqa.selenium.TimeoutException: Expected condition failed: waiting for visibility of element located by By.cssSelector: div.result (tried for 5 second(s) with 500 milliseconds interval)
Build info: version: '4.23.0', revision: '4df0a231af'
System info: os.name: 'Windows 11', os.arch: 'amd64', os.version: '10.0', java.version: '17.0.5'
Driver info: org.openqa.selenium.chrome.ChromeDriver
Capabilities {acceptInsecureCerts: false, browserName: chrome, browserVersion: 148.0.7778.179, chrome: {chromedriverVersion: 148.0.7778.178 (d096af1c9e9..., userDataDir: C:\Users\amalw\AppData\Loca...}, fedcm:accounts: true, goog:chromeOptions: {debuggerAddress: localhost:42108}, goog:processID: 40984, networkConnectionEnabled: false, pageLoadStrategy: normal, platformName: windows, proxy: Proxy(), se:cdp: ws://localhost:42108/devtoo..., se:cdpVersion: 148.0.7778.179, setWindowRect: true, strictFileInteractability: false, timeouts: {implicit: 0, pageLoad: 300000, script: 30000}, unhandledPromptBehavior: dismiss and notify, webauthn:extension:credBlob: true, webauthn:extension:largeBlob: true, webauthn:extension:minPinLength: true, webauthn:extension:prf: true, webauthn:virtualAuthenticators: true}
Session ID: 6a4e76a274c2e022259a37cf7f22b181
at org.openqa.selenium.support.ui.WebDriverWait.timeoutException(WebDriverWait.java:84)
at org.openqa.selenium.support.ui.FluentWait.until(FluentWait.java:228)
at com.amalw.pages.BasePage.isElementDisplayed(BasePage.java:97)
... 14 more
]]>
    </error>
  </testcase> <!-- testRegistration -->
  <testcase classname="com.amalw.tests.RegistrationTest" name="testRegistration" time="10.272"/>
  <testcase classname="com.amalw.tests.RegistrationTest" name="testRegistration" time="9.868"/>
  <testcase classname="com.amalw.tests.RegistrationTest" name="testRegistration" time="6.210"/>
  <testcase classname="com.amalw.tests.RegistrationTest" name="testRegistration" time="12.219">
    <error message="Element not visible after 5 seconds: By.cssSelector: div.result" type="com.amalw.exceptions.FrameworkException">
      <![CDATA[com.amalw.exceptions.FrameworkException: Element not visible after 5 seconds: By.cssSelector: div.result
at com.amalw.pages.BasePage.isElementDisplayed(BasePage.java:102)
at com.amalw.pages.RegisterPage.isRegistrationSuccessful(RegisterPage.java:111)
at com.amalw.tests.RegistrationTest.testRegistration(RegistrationTest.java:50)
at java.base/jdk.internal.reflect.NativeMethodAccessorImpl.invoke0(Native Method)
at java.base/jdk.internal.reflect.NativeMethodAccessorImpl.invoke(NativeMethodAccessorImpl.java:77)
at java.base/jdk.internal.reflect.DelegatingMethodAccessorImpl.invoke(DelegatingMethodAccessorImpl.java:43)
at java.base/java.lang.reflect.Method.invoke(Method.java:568)
at org.testng.internal.invokers.MethodInvocationHelper.invokeMethod(MethodInvocationHelper.java:141)
at org.testng.internal.invokers.TestInvoker.invokeMethod(TestInvoker.java:687)
at org.testng.internal.invokers.TestInvoker.invokeTestMethod(TestInvoker.java:230)
at org.testng.internal.invokers.TestMethodWithDataProviderMethodWorker.call(TestMethodWithDataProviderMethodWorker.java:81)
at org.testng.internal.thread.Async$AsyncTask.run(Async.java:34)
at java.base/java.util.concurrent.ThreadPoolExecutor.runWorker(ThreadPoolExecutor.java:1136)
at java.base/java.util.concurrent.ThreadPoolExecutor$Worker.run(ThreadPoolExecutor.java:635)
at java.base/java.lang.Thread.run(Thread.java:833)
Caused by: org.openqa.selenium.TimeoutException: Expected condition failed: waiting for visibility of element located by By.cssSelector: div.result (tried for 5 second(s) with 500 milliseconds interval)
Build info: version: '4.23.0', revision: '4df0a231af'
System info: os.name: 'Windows 11', os.arch: 'amd64', os.version: '10.0', java.version: '17.0.5'
Driver info: org.openqa.selenium.firefox.FirefoxDriver
Capabilities {acceptInsecureCerts: true, browserName: firefox, browserVersion: 148.0, moz:accessibilityChecks: false, moz:buildID: 20260216153405, moz:geckodriverVersion: 0.36.0, moz:headless: true, moz:platformVersion: 10.0, moz:processID: 32184, moz:profile: C:\Users\amalw\AppData\Loca..., moz:shutdownTimeout: 60000, moz:webdriverClick: true, moz:windowless: false, pageLoadStrategy: normal, platformName: windows, proxy: Proxy(), setWindowRect: true, strictFileInteractability: false, timeouts: {implicit: 0, pageLoad: 300000, script: 30000}, unhandledPromptBehavior: dismiss and notify, userAgent: Mozilla/5.0 (Windows NT 10....}
Session ID: 182e6993-b29d-48dd-900c-1515ba777847
at org.openqa.selenium.support.ui.WebDriverWait.timeoutException(WebDriverWait.java:84)
at org.openqa.selenium.support.ui.FluentWait.until(FluentWait.java:228)
at com.amalw.pages.BasePage.isElementDisplayed(BasePage.java:97)
... 14 more
]]>
    </error>
  </testcase> <!-- testRegistration -->
  <testcase classname="com.amalw.tests.RegistrationTest" name="testRegistration" time="8.784">
    <error message="Element not visible after 5 seconds: By.cssSelector: div.result" type="com.amalw.exceptions.FrameworkException">
      <![CDATA[com.amalw.exceptions.FrameworkException: Element not visible after 5 seconds: By.cssSelector: div.result
at com.amalw.pages.BasePage.isElementDisplayed(BasePage.java:102)
at com.amalw.pages.RegisterPage.isRegistrationSuccessful(RegisterPage.java:111)
at com.amalw.tests.RegistrationTest.testRegistration(RegistrationTest.java:50)
at java.base/jdk.internal.reflect.NativeMethodAccessorImpl.invoke0(Native Method)
at java.base/jdk.internal.reflect.NativeMethodAccessorImpl.invoke(NativeMethodAccessorImpl.java:77)
at java.base/jdk.internal.reflect.DelegatingMethodAccessorImpl.invoke(DelegatingMethodAccessorImpl.java:43)
at java.base/java.lang.reflect.Method.invoke(Method.java:568)
at org.testng.internal.invokers.MethodInvocationHelper.invokeMethod(MethodInvocationHelper.java:141)
at org.testng.internal.invokers.TestInvoker.invokeMethod(TestInvoker.java:687)
at org.testng.internal.invokers.TestInvoker.invokeTestMethod(TestInvoker.java:230)
at org.testng.internal.invokers.TestMethodWithDataProviderMethodWorker.call(TestMethodWithDataProviderMethodWorker.java:81)
at org.testng.internal.thread.Async$AsyncTask.run(Async.java:34)
at java.base/java.util.concurrent.ThreadPoolExecutor.runWorker(ThreadPoolExecutor.java:1136)
at java.base/java.util.concurrent.ThreadPoolExecutor$Worker.run(ThreadPoolExecutor.java:635)
at java.base/java.lang.Thread.run(Thread.java:833)
Caused by: org.openqa.selenium.TimeoutException: Expected condition failed: waiting for visibility of element located by By.cssSelector: div.result (tried for 5 second(s) with 500 milliseconds interval)
Build info: version: '4.23.0', revision: '4df0a231af'
System info: os.name: 'Windows 11', os.arch: 'amd64', os.version: '10.0', java.version: '17.0.5'
Driver info: org.openqa.selenium.edge.EdgeDriver
Capabilities {acceptInsecureCerts: false, browserName: MicrosoftEdge, browserVersion: 148.0.3967.96, fedcm:accounts: true, goog:processID: 35888, ms:edgeOptions: {debuggerAddress: localhost:1538}, msedge: {msedgedriverVersion: 148.0.3967.96 (9df8cc82dba1..., userDataDir: C:\Users\amalw\AppData\Loca...}, networkConnectionEnabled: false, pageLoadStrategy: normal, platformName: windows, proxy: Proxy(), se:cdp: ws://localhost:1538/devtool..., se:cdpVersion: 148.0.3967.96, setWindowRect: true, strictFileInteractability: false, timeouts: {implicit: 0, pageLoad: 300000, script: 30000}, unhandledPromptBehavior: dismiss and notify, webauthn:extension:credBlob: true, webauthn:extension:largeBlob: true, webauthn:extension:minPinLength: true, webauthn:extension:prf: true, webauthn:virtualAuthenticators: true}
Session ID: 3956c45e5e8c853783b49974ca44f8e9
at org.openqa.selenium.support.ui.WebDriverWait.timeoutException(WebDriverWait.java:84)
at org.openqa.selenium.support.ui.FluentWait.until(FluentWait.java:228)
at com.amalw.pages.BasePage.isElementDisplayed(BasePage.java:97)
... 14 more
]]>
    </error>
  </testcase> <!-- testRegistration -->
</testsuite> <!-- com.amalw.tests.RegistrationTest -->
