<?xml version="1.0" encoding="UTF-8"?>
<!-- Generated by org.testng.reporters.JUnitReportReporter -->
<testsuite hostname="Amals_HP_Envy" failures="0" tests="12" name="com.amalw.parallel.tests.RegistrationTest" time="209.805" errors="0" timestamp="2026-04-27T23:03:03 EDT" skipped="0">
  <testcase classname="com.amalw.parallel.tests.RegistrationTest" name="testRegistration" time="13.284"/>
  <testcase classname="com.amalw.parallel.tests.RegistrationTest" name="testRegistration" time="17.635"/>
  <testcase classname="com.amalw.parallel.tests.RegistrationTest" name="testRegistration" time="17.666"/>
  <testcase classname="com.amalw.parallel.tests.RegistrationTest" name="testRegistration" time="17.649"/>
  <testcase classname="com.amalw.parallel.tests.RegistrationTest" name="testRegistration" time="17.647"/>
  <testcase classname="com.amalw.parallel.tests.RegistrationTest" name="testRegistration" time="17.652"/>
  <testcase classname="com.amalw.parallel.tests.RegistrationTest" name="testRegistration" time="12.260"/>
  <testcase classname="com.amalw.parallel.tests.RegistrationTest" name="testRegistration" time="19.140"/>
  <testcase classname="com.amalw.parallel.tests.RegistrationTest" name="testRegistration" time="23.246"/>
  <testcase classname="com.amalw.parallel.tests.RegistrationTest" name="testRegistration" time="17.648"/>
  <testcase classname="com.amalw.parallel.tests.RegistrationTest" name="testRegistration" time="18.255"/>
  <testcase classname="com.amalw.parallel.tests.RegistrationTest" name="testRegistration" time="17.723"/>
</testsuite> <!-- com.amalw.parallel.tests.RegistrationTest -->
